<?xml version="1.0" encoding="UTF-8"?>
<!-- Generated by org.testng.reporters.JUnitReportReporter -->
<testsuite hostname="DESKTOP-GLAFMTS" failures="0" tests="2" name="com.PracticeMaven.PracticeTest" time="0.016" errors="0" timestamp="2024-01-24T11:56:55 IST" skipped="0">
  <testcase classname="com.PracticeMaven.PracticeTest" name="practice2Test" time="0.006"/>
  <testcase classname="com.PracticeMaven.PracticeTest" name="practice1Test" time="0.010"/>
</testsuite> <!-- com.PracticeMaven.PracticeTest -->
