<?xml version="1.0" encoding="UTF-8"?>
<!-- Generated by org.testng.reporters.JUnitReportReporter -->
<testsuite hostname="DESKTOP-GLAFMTS" failures="0" tests="1" name="com.PracticeMaven.SampleTest" time="0.005" errors="0" timestamp="2024-01-24T11:56:55 IST" skipped="0">
  <testcase classname="com.PracticeMaven.SampleTest" name="sample1Test" time="0.005"/>
</testsuite> <!-- com.PracticeMaven.SampleTest -->
