<?xml version="1.0" encoding="UTF-8"?>
<!-- Generated by org.testng.reporters.JUnitReportReporter -->
<testsuite hostname="DESKTOP-GLAFMTS" failures="0" tests="2" name="com.PracticeMaven.DemoTest" time="0.019" errors="0" timestamp="2024-01-24T11:56:55 IST" skipped="0">
  <testcase classname="com.PracticeMaven.DemoTest" name="demo2Test" time="0.004"/>
  <testcase classname="com.PracticeMaven.DemoTest" name="demo1Test" time="0.015"/>
</testsuite> <!-- com.PracticeMaven.DemoTest -->
